# JRE version: Java(TM) SE Runtime Environment (8.0_131-b11) (build 1.8.0_131-b11)
# Java VM: Java HotSpot(TM) 64-Bit Server VM (25.131-b11 mixed mode windows-amd64 compressed oops)
Heap:
 PSYoungGen      total 144384K, used 75307K [0x00000000d6400000, 0x00000000dfe00000, 0x0000000100000000)
  eden space 131072K, 57% used [0x00000000d6400000,0x00000000dad8af30,0x00000000de400000)
  from space 13312K, 0% used [0x00000000de400000,0x00000000de400000,0x00000000df100000)
  to   space 13312K, 0% used [0x00000000df100000,0x00000000df100000,0x00000000dfe00000)
 ParOldGen       total 76288K, used 24180K [0x0000000082c00000, 0x0000000087680000, 0x00000000d6400000)
  object space 76288K, 31% used [0x0000000082c00000,0x000000008439d338,0x0000000087680000)
 Metaspace       used 30161K, capacity 30724K, committed 31104K, reserved 1077248K
  class space    used 3673K, capacity 3842K, committed 3968K, reserved 1048576K
GC Heap History (10 events):
Event: 2.462 GC heap before
{Heap before GC invocations=4 (full 0):
 PSYoungGen      total 37888K, used 37872K [0x00000000d6400000, 0x00000000dae00000, 0x0000000100000000)
  eden space 32768K, 100% used [0x00000000d6400000,0x00000000d8400000,0x00000000d8400000)
  from space 5120K, 99% used [0x00000000d8400000,0x00000000d88fc030,0x00000000d8900000)
  to   space 5120K, 0% used [0x00000000da900000,0x00000000da900000,0x00000000dae00000)
 ParOldGen       total 86016K, used 6313K [0x0000000082c00000, 0x0000000088000000, 0x00000000d6400000)
  object space 86016K, 7% used [0x0000000082c00000,0x000000008322a500,0x0000000088000000)
 Metaspace       used 15284K, capacity 15482K, committed 15872K, reserved 1062912K
  class space    used 1849K, capacity 1945K, committed 2048K, reserved 1048576K
Event: 2.478 GC heap after
Heap after GC invocations=4 (full 0):
 PSYoungGen      total 70656K, used 5088K [0x00000000d6400000, 0x00000000dae00000, 0x0000000100000000)
  eden space 65536K, 0% used [0x00000000d6400000,0x00000000d6400000,0x00000000da400000)
  from space 5120K, 99% used [0x00000000da900000,0x00000000dadf8020,0x00000000dae00000)
  to   space 5120K, 0% used [0x00000000da400000,0x00000000da400000,0x00000000da900000)
 ParOldGen       total 86016K, used 10703K [0x0000000082c00000, 0x0000000088000000, 0x00000000d6400000)
  object space 86016K, 12% used [0x0000000082c00000,0x0000000083673ca8,0x0000000088000000)
 Metaspace       used 15284K, capacity 15482K, committed 15872K, reserved 1062912K
  class space    used 1849K, capacity 1945K, committed 2048K, reserved 1048576K
}
Event: 3.307 GC heap before
{Heap before GC invocations=5 (full 0):
 PSYoungGen      total 70656K, used 70624K [0x00000000d6400000, 0x00000000dae00000, 0x0000000100000000)
  eden space 65536K, 100% used [0x00000000d6400000,0x00000000da400000,0x00000000da400000)
  from space 5120K, 99% used [0x00000000da900000,0x00000000dadf8020,0x00000000dae00000)
  to   space 5120K, 0% used [0x00000000da400000,0x00000000da400000,0x00000000da900000)
 ParOldGen       total 86016K, used 10703K [0x0000000082c00000, 0x0000000088000000, 0x00000000d6400000)
  object space 86016K, 12% used [0x0000000082c00000,0x0000000083673ca8,0x0000000088000000)
 Metaspace       used 15839K, capacity 16108K, committed 16384K, reserved 1062912K
  class space    used 1879K, capacity 1980K, committed 2048K, reserved 1048576K
Event: 3.326 GC heap after
Heap after GC invocations=5 (full 0):
 PSYoungGen      total 70656K, used 5088K [0x00000000d6400000, 0x00000000dfe00000, 0x0000000100000000)
  eden space 65536K, 0% used [0x00000000d6400000,0x00000000d6400000,0x00000000da400000)
  from space 5120K, 99% used [0x00000000da400000,0x00000000da8f8020,0x00000000da900000)
  to   space 13312K, 0% used [0x00000000df100000,0x00000000df100000,0x00000000dfe00000)
 ParOldGen       total 86016K, used 17280K [0x0000000082c00000, 0x0000000088000000, 0x00000000d6400000)
  object space 86016K, 20% used [0x0000000082c00000,0x0000000083ce0378,0x0000000088000000)
 Metaspace       used 15839K, capacity 16108K, committed 16384K, reserved 1062912K
  class space    used 1879K, capacity 1980K, committed 2048K, reserved 1048576K
}
Event: 4.448 GC heap before
{Heap before GC invocations=6 (full 0):
 PSYoungGen      total 70656K, used 70624K [0x00000000d6400000, 0x00000000dfe00000, 0x0000000100000000)
  eden space 65536K, 100% used [0x00000000d6400000,0x00000000da400000,0x00000000da400000)
  from space 5120K, 99% used [0x00000000da400000,0x00000000da8f8020,0x00000000da900000)
  to   space 13312K, 0% used [0x00000000df100000,0x00000000df100000,0x00000000dfe00000)
 ParOldGen       total 86016K, used 17280K [0x0000000082c00000, 0x0000000088000000, 0x00000000d6400000)
  object space 86016K, 20% used [0x0000000082c00000,0x0000000083ce0378,0x0000000088000000)
 Metaspace       used 17196K, capacity 17644K, committed 17792K, reserved 1064960K
  class space    used 1996K, capacity 2128K, committed 2176K, reserved 1048576K
Event: 4.609 GC heap after
Heap after GC invocations=6 (full 0):
 PSYoungGen      total 144384K, used 9711K [0x00000000d6400000, 0x00000000dfe00000, 0x0000000100000000)
  eden space 131072K, 0% used [0x00000000d6400000,0x00000000d6400000,0x00000000de400000)
  from space 13312K, 72% used [0x00000000df100000,0x00000000dfa7bdc0,0x00000000dfe00000)
  to   space 13312K, 0% used [0x00000000de400000,0x00000000de400000,0x00000000df100000)
 ParOldGen       total 86016K, used 17288K [0x0000000082c00000, 0x0000000088000000, 0x00000000d6400000)
  object space 86016K, 20% used [0x0000000082c00000,0x0000000083ce2378,0x0000000088000000)
 Metaspace       used 17196K, capacity 17644K, committed 17792K, reserved 1064960K
  class space    used 1996K, capacity 2128K, committed 2176K, reserved 1048576K
}
Event: 6.076 GC heap before
{Heap before GC invocations=7 (full 0):
 PSYoungGen      total 144384K, used 66370K [0x00000000d6400000, 0x00000000dfe00000, 0x0000000100000000)
  eden space 131072K, 43% used [0x00000000d6400000,0x00000000d9b54b20,0x00000000de400000)
  from space 13312K, 72% used [0x00000000df100000,0x00000000dfa7bdc0,0x00000000dfe00000)
  to   space 13312K, 0% used [0x00000000de400000,0x00000000de400000,0x00000000df100000)
 ParOldGen       total 86016K, used 17288K [0x0000000082c00000, 0x0000000088000000, 0x00000000d6400000)
  object space 86016K, 20% used [0x0000000082c00000,0x0000000083ce2378,0x0000000088000000)
 Metaspace       used 20536K, capacity 21062K, committed 21296K, reserved 1069056K
  class space    used 2462K, capacity 2605K, committed 2688K, reserved 1048576K
Event: 6.100 GC heap after
Heap after GC invocations=7 (full 0):
 PSYoungGen      total 144384K, used 12661K [0x00000000d6400000, 0x00000000dfe00000, 0x0000000100000000)
  eden space 131072K, 0% used [0x00000000d6400000,0x00000000d6400000,0x00000000de400000)
  from space 13312K, 95% used [0x00000000de400000,0x00000000df05d490,0x00000000df100000)
  to   space 13312K, 0% used [0x00000000df100000,0x00000000df100000,0x00000000dfe00000)
 ParOldGen       total 86016K, used 18666K [0x0000000082c00000, 0x0000000088000000, 0x00000000d6400000)
  object space 86016K, 21% used [0x0000000082c00000,0x0000000083e3aba8,0x0000000088000000)
 Metaspace       used 20536K, capacity 21062K, committed 21296K, reserved 1069056K
  class space    used 2462K, capacity 2605K, committed 2688K, reserved 1048576K
}
Event: 6.100 GC heap before
{Heap before GC invocations=8 (full 1):
 PSYoungGen      total 144384K, used 12661K [0x00000000d6400000, 0x00000000dfe00000, 0x0000000100000000)
  eden space 131072K, 0% used [0x00000000d6400000,0x00000000d6400000,0x00000000de400000)
  from space 13312K, 95% used [0x00000000de400000,0x00000000df05d490,0x00000000df100000)
  to   space 13312K, 0% used [0x00000000df100000,0x00000000df100000,0x00000000dfe00000)
 ParOldGen       total 86016K, used 18666K [0x0000000082c00000, 0x0000000088000000, 0x00000000d6400000)
  object space 86016K, 21% used [0x0000000082c00000,0x0000000083e3aba8,0x0000000088000000)
 Metaspace       used 20536K, capacity 21062K, committed 21296K, reserved 1069056K
  class space    used 2462K, capacity 2605K, committed 2688K, reserved 1048576K
Event: 6.234 GC heap after
Heap after GC invocations=8 (full 1):
 PSYoungGen      total 144384K, used 0K [0x00000000d6400000, 0x00000000dfe00000, 0x0000000100000000)
  eden space 131072K, 0% used [0x00000000d6400000,0x00000000d6400000,0x00000000de400000)
  from space 13312K, 0% used [0x00000000de400000,0x00000000de400000,0x00000000df100000)
  to   space 13312K, 0% used [0x00000000df100000,0x00000000df100000,0x00000000dfe00000)
 ParOldGen       total 76288K, used 24180K [0x0000000082c00000, 0x0000000087680000, 0x00000000d6400000)
  object space 76288K, 31% used [0x0000000082c00000,0x000000008439d338,0x0000000087680000)
 Metaspace       used 20536K, capacity 21062K, committed 21296K, reserved 1069056K
  class space    used 2462K, capacity 2605K, committed 2688K, reserved 1048576K
}

