# JRE version: Java(TM) SE Runtime Environment (8.0_131-b11) (build 1.8.0_131-b11)
# Java VM: Java HotSpot(TM) 64-Bit Server VM (25.131-b11 mixed mode windows-amd64 compressed oops)
Heap:
 PSYoungGen      total 236032K, used 201846K [0x00000000d6400000, 0x00000000e5f80000, 0x0000000100000000)
  eden space 214528K, 87% used [0x00000000d6400000,0x00000000e1c45008,0x00000000e3580000)
  from space 21504K, 61% used [0x00000000e3580000,0x00000000e4258a48,0x00000000e4a80000)
  to   space 20480K, 0% used [0x00000000e4b80000,0x00000000e4b80000,0x00000000e5f80000)
 ParOldGen       total 77824K, used 44876K [0x0000000082c00000, 0x0000000087800000, 0x00000000d6400000)
  object space 77824K, 57% used [0x0000000082c00000,0x00000000857d3350,0x0000000087800000)
 Metaspace       used 50594K, capacity 51388K, committed 51840K, reserved 1095680K
  class space    used 6275K, capacity 6503K, committed 6528K, reserved 1048576K
GC Heap History (10 events):
Event: 18.187 GC heap before
{Heap before GC invocations=11 (full 2):
 PSYoungGen      total 123392K, used 118272K [0x00000000d6400000, 0x00000000e6800000, 0x0000000100000000)
  eden space 118272K, 100% used [0x00000000d6400000,0x00000000dd780000,0x00000000dd780000)
  from space 5120K, 0% used [0x00000000de900000,0x00000000de900000,0x00000000dee00000)
  to   space 17920K, 0% used [0x00000000dd780000,0x00000000dd780000,0x00000000de900000)
 ParOldGen       total 77824K, used 28486K [0x0000000082c00000, 0x0000000087800000, 0x00000000d6400000)
  object space 77824K, 36% used [0x0000000082c00000,0x00000000847d18c8,0x0000000087800000)
 Metaspace       used 36654K, capacity 37334K, committed 37504K, reserved 1081344K
  class space    used 4501K, capacity 4710K, committed 4736K, reserved 1048576K
Event: 18.194 GC heap after
Heap after GC invocations=11 (full 2):
 PSYoungGen      total 136192K, used 5641K [0x00000000d6400000, 0x00000000e2400000, 0x0000000100000000)
  eden space 118272K, 0% used [0x00000000d6400000,0x00000000d6400000,0x00000000dd780000)
  from space 17920K, 31% used [0x00000000dd780000,0x00000000ddd02700,0x00000000de900000)
  to   space 17408K, 0% used [0x00000000e1300000,0x00000000e1300000,0x00000000e2400000)
 ParOldGen       total 77824K, used 28494K [0x0000000082c00000, 0x0000000087800000, 0x00000000d6400000)
  object space 77824K, 36% used [0x0000000082c00000,0x00000000847d38c8,0x0000000087800000)
 Metaspace       used 36654K, capacity 37334K, committed 37504K, reserved 1081344K
  class space    used 4501K, capacity 4710K, committed 4736K, reserved 1048576K
}
Event: 20.007 GC heap before
{Heap before GC invocations=12 (full 2):
 PSYoungGen      total 136192K, used 123913K [0x00000000d6400000, 0x00000000e2400000, 0x0000000100000000)
  eden space 118272K, 100% used [0x00000000d6400000,0x00000000dd780000,0x00000000dd780000)
  from space 17920K, 31% used [0x00000000dd780000,0x00000000ddd02700,0x00000000de900000)
  to   space 17408K, 0% used [0x00000000e1300000,0x00000000e1300000,0x00000000e2400000)
 ParOldGen       total 77824K, used 28494K [0x0000000082c00000, 0x0000000087800000, 0x00000000d6400000)
  object space 77824K, 36% used [0x0000000082c00000,0x00000000847d38c8,0x0000000087800000)
 Metaspace       used 42213K, capacity 43010K, committed 43392K, reserved 1087488K
  class space    used 5218K, capacity 5432K, committed 5504K, reserved 1048576K
Event: 20.063 GC heap after
Heap after GC invocations=12 (full 2):
 PSYoungGen      total 178176K, used 11321K [0x00000000d6400000, 0x00000000e2380000, 0x0000000100000000)
  eden space 161280K, 0% used [0x00000000d6400000,0x00000000d6400000,0x00000000e0180000)
  from space 16896K, 67% used [0x00000000e1300000,0x00000000e1e0e4f8,0x00000000e2380000)
  to   space 17408K, 0% used [0x00000000e0180000,0x00000000e0180000,0x00000000e1280000)
 ParOldGen       total 77824K, used 28502K [0x0000000082c00000, 0x0000000087800000, 0x00000000d6400000)
  object space 77824K, 36% used [0x0000000082c00000,0x00000000847d58c8,0x0000000087800000)
 Metaspace       used 42213K, capacity 43010K, committed 43392K, reserved 1087488K
  class space    used 5218K, capacity 5432K, committed 5504K, reserved 1048576K
}
Event: 22.670 GC heap before
{Heap before GC invocations=13 (full 2):
 PSYoungGen      total 178176K, used 172601K [0x00000000d6400000, 0x00000000e2380000, 0x0000000100000000)
  eden space 161280K, 100% used [0x00000000d6400000,0x00000000e0180000,0x00000000e0180000)
  from space 16896K, 67% used [0x00000000e1300000,0x00000000e1e0e4f8,0x00000000e2380000)
  to   space 17408K, 0% used [0x00000000e0180000,0x00000000e0180000,0x00000000e1280000)
 ParOldGen       total 77824K, used 28502K [0x0000000082c00000, 0x0000000087800000, 0x00000000d6400000)
  object space 77824K, 36% used [0x0000000082c00000,0x00000000847d58c8,0x0000000087800000)
 Metaspace       used 46202K, capacity 46976K, committed 47488K, reserved 1091584K
  class space    used 5688K, capacity 5917K, committed 6016K, reserved 1048576K
Event: 22.692 GC heap after
Heap after GC invocations=13 (full 2):
 PSYoungGen      total 178688K, used 17378K [0x00000000d6400000, 0x00000000e6100000, 0x0000000100000000)
  eden space 161280K, 0% used [0x00000000d6400000,0x00000000d6400000,0x00000000e0180000)
  from space 17408K, 99% used [0x00000000e0180000,0x00000000e1278bd0,0x00000000e1280000)
  to   space 22016K, 0% used [0x00000000e4b80000,0x00000000e4b80000,0x00000000e6100000)
 ParOldGen       total 77824K, used 35427K [0x0000000082c00000, 0x0000000087800000, 0x00000000d6400000)
  object space 77824K, 45% used [0x0000000082c00000,0x0000000084e98d28,0x0000000087800000)
 Metaspace       used 46202K, capacity 46976K, committed 47488K, reserved 1091584K
  class space    used 5688K, capacity 5917K, committed 6016K, reserved 1048576K
}
Event: 24.869 GC heap before
{Heap before GC invocations=14 (full 2):
 PSYoungGen      total 178688K, used 178658K [0x00000000d6400000, 0x00000000e6100000, 0x0000000100000000)
  eden space 161280K, 100% used [0x00000000d6400000,0x00000000e0180000,0x00000000e0180000)
  from space 17408K, 99% used [0x00000000e0180000,0x00000000e1278bd0,0x00000000e1280000)
  to   space 22016K, 0% used [0x00000000e4b80000,0x00000000e4b80000,0x00000000e6100000)
 ParOldGen       total 77824K, used 35427K [0x0000000082c00000, 0x0000000087800000, 0x00000000d6400000)
  object space 77824K, 45% used [0x0000000082c00000,0x0000000084e98d28,0x0000000087800000)
 Metaspace       used 47968K, capacity 48708K, committed 49280K, reserved 1091584K
  class space    used 5942K, capacity 6147K, committed 6272K, reserved 1048576K
Event: 24.922 GC heap after
Heap after GC invocations=14 (full 2):
 PSYoungGen      total 235008K, used 8022K [0x00000000d6400000, 0x00000000e5f80000, 0x0000000100000000)
  eden space 214528K, 0% used [0x00000000d6400000,0x00000000d6400000,0x00000000e3580000)
  from space 20480K, 39% used [0x00000000e4b80000,0x00000000e5355a78,0x00000000e5f80000)
  to   space 21504K, 0% used [0x00000000e3580000,0x00000000e3580000,0x00000000e4a80000)
 ParOldGen       total 77824K, used 42420K [0x0000000082c00000, 0x0000000087800000, 0x00000000d6400000)
  object space 77824K, 54% used [0x0000000082c00000,0x000000008556d340,0x0000000087800000)
 Metaspace       used 47968K, capacity 48708K, committed 49280K, reserved 1091584K
  class space    used 5942K, capacity 6147K, committed 6272K, reserved 1048576K
}
Event: 26.753 GC heap before
{Heap before GC invocations=15 (full 2):
 PSYoungGen      total 235008K, used 222550K [0x00000000d6400000, 0x00000000e5f80000, 0x0000000100000000)
  eden space 214528K, 100% used [0x00000000d6400000,0x00000000e3580000,0x00000000e3580000)
  from space 20480K, 39% used [0x00000000e4b80000,0x00000000e5355a78,0x00000000e5f80000)
  to   space 21504K, 0% used [0x00000000e3580000,0x00000000e3580000,0x00000000e4a80000)
 ParOldGen       total 77824K, used 42420K [0x0000000082c00000, 0x0000000087800000, 0x00000000d6400000)
  object space 77824K, 54% used [0x0000000082c00000,0x000000008556d340,0x0000000087800000)
 Metaspace       used 49374K, capacity 50192K, committed 50688K, reserved 1093632K
  class space    used 6122K, capacity 6341K, committed 6400K, reserved 1048576K
Event: 26.878 GC heap after
Heap after GC invocations=15 (full 2):
 PSYoungGen      total 236032K, used 13154K [0x00000000d6400000, 0x00000000e5f80000, 0x0000000100000000)
  eden space 214528K, 0% used [0x00000000d6400000,0x00000000d6400000,0x00000000e3580000)
  from space 21504K, 61% used [0x00000000e3580000,0x00000000e4258a48,0x00000000e4a80000)
  to   space 20480K, 0% used [0x00000000e4b80000,0x00000000e4b80000,0x00000000e5f80000)
 ParOldGen       total 77824K, used 44876K [0x0000000082c00000, 0x0000000087800000, 0x00000000d6400000)
  object space 77824K, 57% used [0x0000000082c00000,0x00000000857d3350,0x0000000087800000)
 Metaspace       used 49374K, capacity 50192K, committed 50688K, reserved 1093632K
  class space    used 6122K, capacity 6341K, committed 6400K, reserved 1048576K
}

